<?xml version="1.0" encoding="UTF-8"?>
<robot generator="Robot 6.0.2 (Python 3.11.1 on win32)" generated="20230222 16:25:53.381" rpa="false" schemaversion="3">
<suite id="s1" name="Robot1" source="D:\Repositories\RF_Playground_Pycharm\tests\robot1.robot">
<test id="s1-t1" name="Should be able to go to website" line="10">
<kw name="Log" library="BuiltIn">
<arg>starting my testcase</arg>
<doc>Logs the given message with the given level.</doc>
<msg timestamp="20230222 16:25:54.078" level="INFO">starting my testcase</msg>
<status status="PASS" starttime="20230222 16:25:54.078" endtime="20230222 16:25:54.078"/>
</kw>
<kw name="Open Browser" library="Browser">
<arg>https://automationplayground.com/crm/</arg>
<arg>Chromium</arg>
<arg>true</arg>
<tag>BrowserControl</tag>
<tag>Setter</tag>
<doc>Opens a new browser instance. Use this keyword for quick experiments or debugging sessions.</doc>
<msg timestamp="20230222 16:25:54.079" level="WARN">Open Browser is for quick experimentation and debugging only. Use New Page for production.</msg>
<msg timestamp="20230222 16:25:54.079" level="INFO">{"browser": "chromium", "headless": true, "devtools": false, "handleSIGHUP": true, "handleSIGINT": true, "handleSIGTERM": true, "slowMo": 0.0, "timeout": 30000.0, "deprecated_pos_args": [], "tracesDir": "D:\\Repositories\\RF_Playground_Pycharm\\Result\\browser\\traces\\a7c849df-aaf7-4dec-9fff-984b0a4f53f9"}</msg>
<msg timestamp="20230222 16:25:54.329" level="INFO">Successfully created browser with options: {"browser":"chromium","headless":true,"devtools":false,"handleSIGHUP":true,"handleSIGINT":true,"handleSIGTERM":true,"slowMo":0,"timeout":30000,"deprecated_pos_args":[],"tracesDir":"D:\\Repositories\\RF_Playground_Pycharm\\Result\\browser\\traces\\a7c849df-aaf7-4dec-9fff-984b0a4f53f9"}</msg>
<msg timestamp="20230222 16:25:54.329" level="INFO">{
  "acceptDownloads": true,
  "bypassCSP": true,
  "forcedColors": "none",
  "hideRfBrowser": false,
  "ignoreHTTPSErrors": false,
  "javaScriptEnabled": true,
  "offline": false,
  "reducedMotion": "no-preference",
  "viewport": {
    "height": 720,
    "width": 1280
  },
  "deprecated_pos_args": []
}</msg>
<msg timestamp="20230222 16:25:54.340" level="INFO">Successfully created context. </msg>
<msg timestamp="20230222 16:25:54.340" level="INFO">{'acceptDownloads': True, 'bypassCSP': True, 'forcedColors': 'none', 'hideRfBrowser': False, 'ignoreHTTPSErrors': False, 'javaScriptEnabled': True, 'offline': False, 'reducedMotion': 'no-preference', 'viewport': {'height': 720, 'width': 1280}, 'deprecated_pos_args': []}</msg>
<msg timestamp="20230222 16:25:55.004" level="INFO">Successfully initialized new page object and opened url: https://automationplayground.com/crm/</msg>
<status status="PASS" starttime="20230222 16:25:54.078" endtime="20230222 16:25:55.005"/>
</kw>
<kw name="Wait Until Network Is Idle" library="Browser">
<tag>HTTP</tag>
<tag>Wait</tag>
<doc>Waits until there has been at least one instance of 500 ms of no network traffic on the page after loading.</doc>
<status status="PASS" starttime="20230222 16:25:55.005" endtime="20230222 16:25:55.511"/>
</kw>
<kw name="Close Browser" library="Browser">
<tag>BrowserControl</tag>
<tag>Setter</tag>
<doc>Closes the current browser.</doc>
<msg timestamp="20230222 16:25:55.547" level="INFO">Closed browser</msg>
<status status="PASS" starttime="20230222 16:25:55.512" endtime="20230222 16:25:55.547"/>
</kw>
<doc>Basic information about this test, dont forget the capitals</doc>
<tag>Smoke</tag>
<status status="PASS" starttime="20230222 16:25:54.076" endtime="20230222 16:25:55.548"/>
</test>
<doc>RF setup based on the Pycharm IDE</doc>
<status status="PASS" starttime="20230222 16:25:53.383" endtime="20230222 16:25:55.550"/>
</suite>
<statistics>
<total>
<stat pass="1" fail="0" skip="0">All Tests</stat>
</total>
<tag>
<stat pass="1" fail="0" skip="0">Smoke</stat>
</tag>
<suite>
<stat pass="1" fail="0" skip="0" id="s1" name="Robot1">Robot1</stat>
</suite>
</statistics>
<errors>
<msg timestamp="20230222 16:25:54.079" level="WARN">Open Browser is for quick experimentation and debugging only. Use New Page for production.</msg>
</errors>
</robot>
